Mon May 23 14:21:55 UTC 2022 : Apache Derby Network Server - 10.14.2.0 - (1828579) started and ready to accept connections on port 1527
Mon May 23 14:26:26 UTC 2022 Thread[DRDAConnThread_2,5,main] Cleanup action starting
java.sql.SQLException: Database 'triceStockDB' not found.
	at org.apache.derby.impl.jdbc.SQLExceptionFactory.getSQLException(Unknown Source)
	at org.apache.derby.impl.jdbc.SQLExceptionFactory.getSQLException(Unknown Source)
	at org.apache.derby.impl.jdbc.Util.generateCsSQLException(Unknown Source)
	at org.apache.derby.impl.jdbc.Util.generateCsSQLException(Unknown Source)
	at org.apache.derby.impl.jdbc.EmbedConnection.newSQLException(Unknown Source)
	at org.apache.derby.impl.jdbc.EmbedConnection.handleDBNotFound(Unknown Source)
	at org.apache.derby.impl.jdbc.EmbedConnection.<init>(Unknown Source)
	at org.apache.derby.jdbc.InternalDriver$1.run(Unknown Source)
	at org.apache.derby.jdbc.InternalDriver$1.run(Unknown Source)
	at java.base/java.security.AccessController.doPrivileged(Native Method)
	at org.apache.derby.jdbc.InternalDriver.getNewEmbedConnection(Unknown Source)
	at org.apache.derby.jdbc.InternalDriver.connect(Unknown Source)
	at org.apache.derby.jdbc.InternalDriver.connect(Unknown Source)
	at org.apache.derby.jdbc.EmbeddedDriver.connect(Unknown Source)
	at org.apache.derby.impl.drda.Database.makeConnection(Unknown Source)
	at org.apache.derby.impl.drda.DRDAConnThread.getConnFromDatabaseName(Unknown Source)
	at org.apache.derby.impl.drda.DRDAConnThread.verifyUserIdPassword(Unknown Source)
	at org.apache.derby.impl.drda.DRDAConnThread.parseSECCHK(Unknown Source)
	at org.apache.derby.impl.drda.DRDAConnThread.parseDRDAConnection(Unknown Source)
	at org.apache.derby.impl.drda.DRDAConnThread.processCommands(Unknown Source)
	at org.apache.derby.impl.drda.DRDAConnThread.run(Unknown Source)
Caused by: ERROR XJ004: Database 'triceStockDB' not found.
	at org.apache.derby.iapi.error.StandardException.newException(Unknown Source)
	at org.apache.derby.impl.jdbc.SQLExceptionFactory.wrapArgsForTransportAcrossDRDA(Unknown Source)
	... 21 more
============= begin nested exception, level (1) ===========
ERROR XJ004: Database 'triceStockDB' not found.
	at org.apache.derby.iapi.error.StandardException.newException(Unknown Source)
	at org.apache.derby.impl.jdbc.SQLExceptionFactory.wrapArgsForTransportAcrossDRDA(Unknown Source)
	at org.apache.derby.impl.jdbc.SQLExceptionFactory.getSQLException(Unknown Source)
	at org.apache.derby.impl.jdbc.SQLExceptionFactory.getSQLException(Unknown Source)
	at org.apache.derby.impl.jdbc.Util.generateCsSQLException(Unknown Source)
	at org.apache.derby.impl.jdbc.Util.generateCsSQLException(Unknown Source)
	at org.apache.derby.impl.jdbc.EmbedConnection.newSQLException(Unknown Source)
	at org.apache.derby.impl.jdbc.EmbedConnection.handleDBNotFound(Unknown Source)
	at org.apache.derby.impl.jdbc.EmbedConnection.<init>(Unknown Source)
	at org.apache.derby.jdbc.InternalDriver$1.run(Unknown Source)
	at org.apache.derby.jdbc.InternalDriver$1.run(Unknown Source)
	at java.base/java.security.AccessController.doPrivileged(Native Method)
	at org.apache.derby.jdbc.InternalDriver.getNewEmbedConnection(Unknown Source)
	at org.apache.derby.jdbc.InternalDriver.connect(Unknown Source)
	at org.apache.derby.jdbc.InternalDriver.connect(Unknown Source)
	at org.apache.derby.jdbc.EmbeddedDriver.connect(Unknown Source)
	at org.apache.derby.impl.drda.Database.makeConnection(Unknown Source)
	at org.apache.derby.impl.drda.DRDAConnThread.getConnFromDatabaseName(Unknown Source)
	at org.apache.derby.impl.drda.DRDAConnThread.verifyUserIdPassword(Unknown Source)
	at org.apache.derby.impl.drda.DRDAConnThread.parseSECCHK(Unknown Source)
	at org.apache.derby.impl.drda.DRDAConnThread.parseDRDAConnection(Unknown Source)
	at org.apache.derby.impl.drda.DRDAConnThread.processCommands(Unknown Source)
	at org.apache.derby.impl.drda.DRDAConnThread.run(Unknown Source)
============= end nested exception, level (1) ===========
Cleanup action completed
Mon May 23 14:26:26 UTC 2022 Thread[DRDAConnThread_2,5,main] (DATABASE = triceStockDB), (DRDAID = {1}), Database 'triceStockDB' not found.
Mon May 23 14:41:55 UTC 2022 Thread[DRDAConnThread_2,5,main] Cleanup action starting
ERROR XBM0A: The database directory 'C:\Users\User\OneDrive\Documents\NetBeansProjects\stockManagement\src\db\triceStockDB' exists. However, it does not contain the expected 'service.properties' file. Perhaps Derby was brought down in the middle of creating this database. You may want to delete this directory and try creating the database again.
	at org.apache.derby.iapi.error.StandardException.newException(Unknown Source)
	at org.apache.derby.iapi.error.StandardException.newException(Unknown Source)
	at org.apache.derby.impl.services.monitor.StorageFactoryService.vetService(Unknown Source)
	at org.apache.derby.impl.services.monitor.StorageFactoryService.access$900(Unknown Source)
	at org.apache.derby.impl.services.monitor.StorageFactoryService$10.run(Unknown Source)
	at java.base/java.security.AccessController.doPrivileged(Native Method)
	at org.apache.derby.impl.services.monitor.StorageFactoryService.createServiceRoot(Unknown Source)
	at org.apache.derby.impl.services.monitor.BaseMonitor.bootService(Unknown Source)
	at org.apache.derby.impl.services.monitor.BaseMonitor.createPersistentService(Unknown Source)
	at org.apache.derby.impl.services.monitor.FileMonitor.createPersistentService(Unknown Source)
	at org.apache.derby.iapi.services.monitor.Monitor.createPersistentService(Unknown Source)
	at org.apache.derby.impl.jdbc.EmbedConnection$5.run(Unknown Source)
	at java.base/java.security.AccessController.doPrivileged(Native Method)
	at org.apache.derby.impl.jdbc.EmbedConnection.createPersistentService(Unknown Source)
	at org.apache.derby.impl.jdbc.EmbedConnection.createDatabase(Unknown Source)
	at org.apache.derby.impl.jdbc.EmbedConnection.<init>(Unknown Source)
	at org.apache.derby.jdbc.InternalDriver$1.run(Unknown Source)
	at org.apache.derby.jdbc.InternalDriver$1.run(Unknown Source)
	at java.base/java.security.AccessController.doPrivileged(Native Method)
	at org.apache.derby.jdbc.InternalDriver.getNewEmbedConnection(Unknown Source)
	at org.apache.derby.jdbc.InternalDriver.connect(Unknown Source)
	at org.apache.derby.jdbc.InternalDriver.connect(Unknown Source)
	at org.apache.derby.jdbc.EmbeddedDriver.connect(Unknown Source)
	at org.apache.derby.impl.drda.Database.makeConnection(Unknown Source)
	at org.apache.derby.impl.drda.DRDAConnThread.getConnFromDatabaseName(Unknown Source)
	at org.apache.derby.impl.drda.DRDAConnThread.verifyUserIdPassword(Unknown Source)
	at org.apache.derby.impl.drda.DRDAConnThread.parseSECCHK(Unknown Source)
	at org.apache.derby.impl.drda.DRDAConnThread.parseDRDAConnection(Unknown Source)
	at org.apache.derby.impl.drda.DRDAConnThread.processCommands(Unknown Source)
	at org.apache.derby.impl.drda.DRDAConnThread.run(Unknown Source)
Cleanup action completed
Mon May 23 14:41:55 UTC 2022 Thread[DRDAConnThread_2,5,main] Cleanup action starting
java.sql.SQLException: Failed to create database 'triceStockDB', see the next exception for details.
	at org.apache.derby.impl.jdbc.SQLExceptionFactory.getSQLException(Unknown Source)
	at org.apache.derby.impl.jdbc.SQLExceptionFactory.getSQLException(Unknown Source)
	at org.apache.derby.impl.jdbc.Util.seeNextException(Unknown Source)
	at org.apache.derby.impl.jdbc.EmbedConnection.createDatabase(Unknown Source)
	at org.apache.derby.impl.jdbc.EmbedConnection.<init>(Unknown Source)
	at org.apache.derby.jdbc.InternalDriver$1.run(Unknown Source)
	at org.apache.derby.jdbc.InternalDriver$1.run(Unknown Source)
	at java.base/java.security.AccessController.doPrivileged(Native Method)
	at org.apache.derby.jdbc.InternalDriver.getNewEmbedConnection(Unknown Source)
	at org.apache.derby.jdbc.InternalDriver.connect(Unknown Source)
	at org.apache.derby.jdbc.InternalDriver.connect(Unknown Source)
	at org.apache.derby.jdbc.EmbeddedDriver.connect(Unknown Source)
	at org.apache.derby.impl.drda.Database.makeConnection(Unknown Source)
	at org.apache.derby.impl.drda.DRDAConnThread.getConnFromDatabaseName(Unknown Source)
	at org.apache.derby.impl.drda.DRDAConnThread.verifyUserIdPassword(Unknown Source)
	at org.apache.derby.impl.drda.DRDAConnThread.parseSECCHK(Unknown Source)
	at org.apache.derby.impl.drda.DRDAConnThread.parseDRDAConnection(Unknown Source)
	at org.apache.derby.impl.drda.DRDAConnThread.processCommands(Unknown Source)
	at org.apache.derby.impl.drda.DRDAConnThread.run(Unknown Source)
Caused by: ERROR XJ041: Failed to create database 'triceStockDB', see the next exception for details.
	at org.apache.derby.iapi.error.StandardException.newException(Unknown Source)
	at org.apache.derby.impl.jdbc.SQLExceptionFactory.wrapArgsForTransportAcrossDRDA(Unknown Source)
	... 19 more
Caused by: ERROR XBM0A: The database directory 'C:\Users\User\OneDrive\Documents\NetBeansProjects\stockManagement\src\db\triceStockDB' exists. However, it does not contain the expected 'service.properties' file. Perhaps Derby was brought down in the middle of creating this database. You may want to delete this directory and try creating the database again.
	at org.apache.derby.iapi.error.StandardException.newException(Unknown Source)
	at org.apache.derby.iapi.error.StandardException.newException(Unknown Source)
	at org.apache.derby.impl.services.monitor.StorageFactoryService.vetService(Unknown Source)
	at org.apache.derby.impl.services.monitor.StorageFactoryService.access$900(Unknown Source)
	at org.apache.derby.impl.services.monitor.StorageFactoryService$10.run(Unknown Source)
	at java.base/java.security.AccessController.doPrivileged(Native Method)
	at org.apache.derby.impl.services.monitor.StorageFactoryService.createServiceRoot(Unknown Source)
	at org.apache.derby.impl.services.monitor.BaseMonitor.bootService(Unknown Source)
	at org.apache.derby.impl.services.monitor.BaseMonitor.createPersistentService(Unknown Source)
	at org.apache.derby.impl.services.monitor.FileMonitor.createPersistentService(Unknown Source)
	at org.apache.derby.iapi.services.monitor.Monitor.createPersistentService(Unknown Source)
	at org.apache.derby.impl.jdbc.EmbedConnection$5.run(Unknown Source)
	at java.base/java.security.AccessController.doPrivileged(Native Method)
	at org.apache.derby.impl.jdbc.EmbedConnection.createPersistentService(Unknown Source)
	... 16 more
============= begin nested exception, level (1) ===========
java.sql.SQLException: The database directory 'C:\Users\User\OneDrive\Documents\NetBeansProjects\stockManagement\src\db\triceStockDB' exists. However, it does not contain the expected 'service.properties' file. Perhaps Derby was brought down in the middle of creating this database. You may want to delete this directory and try creating the database again.
	at org.apache.derby.impl.jdbc.SQLExceptionFactory.getSQLException(Unknown Source)
	at org.apache.derby.impl.jdbc.Util.generateCsSQLException(Unknown Source)
	at org.apache.derby.impl.jdbc.TransactionResourceImpl.wrapInSQLException(Unknown Source)
	at org.apache.derby.impl.jdbc.TransactionResourceImpl.handleException(Unknown Source)
	at org.apache.derby.impl.jdbc.EmbedConnection.handleException(Unknown Source)
	at org.apache.derby.impl.jdbc.EmbedConnection.createDatabase(Unknown Source)
	at org.apache.derby.impl.jdbc.EmbedConnection.<init>(Unknown Source)
	at org.apache.derby.jdbc.InternalDriver$1.run(Unknown Source)
	at org.apache.derby.jdbc.InternalDriver$1.run(Unknown Source)
	at java.base/java.security.AccessController.doPrivileged(Native Method)
	at org.apache.derby.jdbc.InternalDriver.getNewEmbedConnection(Unknown Source)
	at org.apache.derby.jdbc.InternalDriver.connect(Unknown Source)
	at org.apache.derby.jdbc.InternalDriver.connect(Unknown Source)
	at org.apache.derby.jdbc.EmbeddedDriver.connect(Unknown Source)
	at org.apache.derby.impl.drda.Database.makeConnection(Unknown Source)
	at org.apache.derby.impl.drda.DRDAConnThread.getConnFromDatabaseName(Unknown Source)
	at org.apache.derby.impl.drda.DRDAConnThread.verifyUserIdPassword(Unknown Source)
	at org.apache.derby.impl.drda.DRDAConnThread.parseSECCHK(Unknown Source)
	at org.apache.derby.impl.drda.DRDAConnThread.parseDRDAConnection(Unknown Source)
	at org.apache.derby.impl.drda.DRDAConnThread.processCommands(Unknown Source)
	at org.apache.derby.impl.drda.DRDAConnThread.run(Unknown Source)
Caused by: ERROR XBM0A: The database directory 'C:\Users\User\OneDrive\Documents\NetBeansProjects\stockManagement\src\db\triceStockDB' exists. However, it does not contain the expected 'service.properties' file. Perhaps Derby was brought down in the middle of creating this database. You may want to delete this directory and try creating the database again.
	at org.apache.derby.iapi.error.StandardException.newException(Unknown Source)
	at org.apache.derby.iapi.error.StandardException.newException(Unknown Source)
	at org.apache.derby.impl.services.monitor.StorageFactoryService.vetService(Unknown Source)
	at org.apache.derby.impl.services.monitor.StorageFactoryService.access$900(Unknown Source)
	at org.apache.derby.impl.services.monitor.StorageFactoryService$10.run(Unknown Source)
	at java.base/java.security.AccessController.doPrivileged(Native Method)
	at org.apache.derby.impl.services.monitor.StorageFactoryService.createServiceRoot(Unknown Source)
	at org.apache.derby.impl.services.monitor.BaseMonitor.bootService(Unknown Source)
	at org.apache.derby.impl.services.monitor.BaseMonitor.createPersistentService(Unknown Source)
	at org.apache.derby.impl.services.monitor.FileMonitor.createPersistentService(Unknown Source)
	at org.apache.derby.iapi.services.monitor.Monitor.createPersistentService(Unknown Source)
	at org.apache.derby.impl.jdbc.EmbedConnection$5.run(Unknown Source)
	at java.base/java.security.AccessController.doPrivileged(Native Method)
	at org.apache.derby.impl.jdbc.EmbedConnection.createPersistentService(Unknown Source)
	... 16 more
============= end nested exception, level (1) ===========
============= begin nested exception, level (2) ===========
ERROR XBM0A: The database directory 'C:\Users\User\OneDrive\Documents\NetBeansProjects\stockManagement\src\db\triceStockDB' exists. However, it does not contain the expected 'service.properties' file. Perhaps Derby was brought down in the middle of creating this database. You may want to delete this directory and try creating the database again.
	at org.apache.derby.iapi.error.StandardException.newException(Unknown Source)
	at org.apache.derby.iapi.error.StandardException.newException(Unknown Source)
	at org.apache.derby.impl.services.monitor.StorageFactoryService.vetService(Unknown Source)
	at org.apache.derby.impl.services.monitor.StorageFactoryService.access$900(Unknown Source)
	at org.apache.derby.impl.services.monitor.StorageFactoryService$10.run(Unknown Source)
	at java.base/java.security.AccessController.doPrivileged(Native Method)
	at org.apache.derby.impl.services.monitor.StorageFactoryService.createServiceRoot(Unknown Source)
	at org.apache.derby.impl.services.monitor.BaseMonitor.bootService(Unknown Source)
	at org.apache.derby.impl.services.monitor.BaseMonitor.createPersistentService(Unknown Source)
	at org.apache.derby.impl.services.monitor.FileMonitor.createPersistentService(Unknown Source)
	at org.apache.derby.iapi.services.monitor.Monitor.createPersistentService(Unknown Source)
	at org.apache.derby.impl.jdbc.EmbedConnection$5.run(Unknown Source)
	at java.base/java.security.AccessController.doPrivileged(Native Method)
	at org.apache.derby.impl.jdbc.EmbedConnection.createPersistentService(Unknown Source)
	at org.apache.derby.impl.jdbc.EmbedConnection.createDatabase(Unknown Source)
	at org.apache.derby.impl.jdbc.EmbedConnection.<init>(Unknown Source)
	at org.apache.derby.jdbc.InternalDriver$1.run(Unknown Source)
	at org.apache.derby.jdbc.InternalDriver$1.run(Unknown Source)
	at java.base/java.security.AccessController.doPrivileged(Native Method)
	at org.apache.derby.jdbc.InternalDriver.getNewEmbedConnection(Unknown Source)
	at org.apache.derby.jdbc.InternalDriver.connect(Unknown Source)
	at org.apache.derby.jdbc.InternalDriver.connect(Unknown Source)
	at org.apache.derby.jdbc.EmbeddedDriver.connect(Unknown Source)
	at org.apache.derby.impl.drda.Database.makeConnection(Unknown Source)
	at org.apache.derby.impl.drda.DRDAConnThread.getConnFromDatabaseName(Unknown Source)
	at org.apache.derby.impl.drda.DRDAConnThread.verifyUserIdPassword(Unknown Source)
	at org.apache.derby.impl.drda.DRDAConnThread.parseSECCHK(Unknown Source)
	at org.apache.derby.impl.drda.DRDAConnThread.parseDRDAConnection(Unknown Source)
	at org.apache.derby.impl.drda.DRDAConnThread.processCommands(Unknown Source)
	at org.apache.derby.impl.drda.DRDAConnThread.run(Unknown Source)
============= end nested exception, level (2) ===========
Cleanup action completed
Mon May 23 14:41:55 UTC 2022 Thread[DRDAConnThread_2,5,main] (DATABASE = triceStockDB), (DRDAID = {2}), Failed to create database 'triceStockDB', see the next exception for details.
Mon May 23 14:41:55 UTC 2022 Thread[DRDAConnThread_2,5,main] (DATABASE = triceStockDB), (DRDAID = {2}), The database directory 'C:\Users\User\OneDrive\Documents\NetBeansProjects\stockManagement\src\db\triceStockDB' exists. However, it does not contain the expected 'service.properties' file. Perhaps Derby was brought down in the middle of creating this database. You may want to delete this directory and try creating the database again.
Mon May 23 14:41:55 UTC 2022 Thread[DRDAConnThread_2,5,main] Cleanup action starting
ERROR XBM0A: The database directory 'C:\Users\User\OneDrive\Documents\NetBeansProjects\stockManagement\src\db\triceStockDB' exists. However, it does not contain the expected 'service.properties' file. Perhaps Derby was brought down in the middle of creating this database. You may want to delete this directory and try creating the database again.
	at org.apache.derby.iapi.error.StandardException.newException(Unknown Source)
	at org.apache.derby.iapi.error.StandardException.newException(Unknown Source)
	at org.apache.derby.impl.services.monitor.StorageFactoryService.vetService(Unknown Source)
	at org.apache.derby.impl.services.monitor.StorageFactoryService.access$900(Unknown Source)
	at org.apache.derby.impl.services.monitor.StorageFactoryService$10.run(Unknown Source)
	at java.base/java.security.AccessController.doPrivileged(Native Method)
	at org.apache.derby.impl.services.monitor.StorageFactoryService.createServiceRoot(Unknown Source)
	at org.apache.derby.impl.services.monitor.BaseMonitor.bootService(Unknown Source)
	at org.apache.derby.impl.services.monitor.BaseMonitor.createPersistentService(Unknown Source)
	at org.apache.derby.impl.services.monitor.FileMonitor.createPersistentService(Unknown Source)
	at org.apache.derby.iapi.services.monitor.Monitor.createPersistentService(Unknown Source)
	at org.apache.derby.impl.jdbc.EmbedConnection$5.run(Unknown Source)
	at java.base/java.security.AccessController.doPrivileged(Native Method)
	at org.apache.derby.impl.jdbc.EmbedConnection.createPersistentService(Unknown Source)
	at org.apache.derby.impl.jdbc.EmbedConnection.createDatabase(Unknown Source)
	at org.apache.derby.impl.jdbc.EmbedConnection.<init>(Unknown Source)
	at org.apache.derby.jdbc.InternalDriver$1.run(Unknown Source)
	at org.apache.derby.jdbc.InternalDriver$1.run(Unknown Source)
	at java.base/java.security.AccessController.doPrivileged(Native Method)
	at org.apache.derby.jdbc.InternalDriver.getNewEmbedConnection(Unknown Source)
	at org.apache.derby.jdbc.InternalDriver.connect(Unknown Source)
	at org.apache.derby.jdbc.InternalDriver.connect(Unknown Source)
	at org.apache.derby.jdbc.EmbeddedDriver.connect(Unknown Source)
	at org.apache.derby.impl.drda.Database.makeConnection(Unknown Source)
	at org.apache.derby.impl.drda.DRDAConnThread.getConnFromDatabaseName(Unknown Source)
	at org.apache.derby.impl.drda.DRDAConnThread.verifyUserIdPassword(Unknown Source)
	at org.apache.derby.impl.drda.DRDAConnThread.parseSECCHK(Unknown Source)
	at org.apache.derby.impl.drda.DRDAConnThread.parseDRDAConnection(Unknown Source)
	at org.apache.derby.impl.drda.DRDAConnThread.processCommands(Unknown Source)
	at org.apache.derby.impl.drda.DRDAConnThread.run(Unknown Source)
Cleanup action completed
Mon May 23 14:41:55 UTC 2022 Thread[DRDAConnThread_2,5,main] Cleanup action starting
java.sql.SQLException: Failed to create database 'triceStockDB', see the next exception for details.
	at org.apache.derby.impl.jdbc.SQLExceptionFactory.getSQLException(Unknown Source)
	at org.apache.derby.impl.jdbc.SQLExceptionFactory.getSQLException(Unknown Source)
	at org.apache.derby.impl.jdbc.Util.seeNextException(Unknown Source)
	at org.apache.derby.impl.jdbc.EmbedConnection.createDatabase(Unknown Source)
	at org.apache.derby.impl.jdbc.EmbedConnection.<init>(Unknown Source)
	at org.apache.derby.jdbc.InternalDriver$1.run(Unknown Source)
	at org.apache.derby.jdbc.InternalDriver$1.run(Unknown Source)
	at java.base/java.security.AccessController.doPrivileged(Native Method)
	at org.apache.derby.jdbc.InternalDriver.getNewEmbedConnection(Unknown Source)
	at org.apache.derby.jdbc.InternalDriver.connect(Unknown Source)
	at org.apache.derby.jdbc.InternalDriver.connect(Unknown Source)
	at org.apache.derby.jdbc.EmbeddedDriver.connect(Unknown Source)
	at org.apache.derby.impl.drda.Database.makeConnection(Unknown Source)
	at org.apache.derby.impl.drda.DRDAConnThread.getConnFromDatabaseName(Unknown Source)
	at org.apache.derby.impl.drda.DRDAConnThread.verifyUserIdPassword(Unknown Source)
	at org.apache.derby.impl.drda.DRDAConnThread.parseSECCHK(Unknown Source)
	at org.apache.derby.impl.drda.DRDAConnThread.parseDRDAConnection(Unknown Source)
	at org.apache.derby.impl.drda.DRDAConnThread.processCommands(Unknown Source)
	at org.apache.derby.impl.drda.DRDAConnThread.run(Unknown Source)
Caused by: ERROR XJ041: Failed to create database 'triceStockDB', see the next exception for details.
	at org.apache.derby.iapi.error.StandardException.newException(Unknown Source)
	at org.apache.derby.impl.jdbc.SQLExceptionFactory.wrapArgsForTransportAcrossDRDA(Unknown Source)
	... 19 more
Caused by: ERROR XBM0A: The database directory 'C:\Users\User\OneDrive\Documents\NetBeansProjects\stockManagement\src\db\triceStockDB' exists. However, it does not contain the expected 'service.properties' file. Perhaps Derby was brought down in the middle of creating this database. You may want to delete this directory and try creating the database again.
	at org.apache.derby.iapi.error.StandardException.newException(Unknown Source)
	at org.apache.derby.iapi.error.StandardException.newException(Unknown Source)
	at org.apache.derby.impl.services.monitor.StorageFactoryService.vetService(Unknown Source)
	at org.apache.derby.impl.services.monitor.StorageFactoryService.access$900(Unknown Source)
	at org.apache.derby.impl.services.monitor.StorageFactoryService$10.run(Unknown Source)
	at java.base/java.security.AccessController.doPrivileged(Native Method)
	at org.apache.derby.impl.services.monitor.StorageFactoryService.createServiceRoot(Unknown Source)
	at org.apache.derby.impl.services.monitor.BaseMonitor.bootService(Unknown Source)
	at org.apache.derby.impl.services.monitor.BaseMonitor.createPersistentService(Unknown Source)
	at org.apache.derby.impl.services.monitor.FileMonitor.createPersistentService(Unknown Source)
	at org.apache.derby.iapi.services.monitor.Monitor.createPersistentService(Unknown Source)
	at org.apache.derby.impl.jdbc.EmbedConnection$5.run(Unknown Source)
	at java.base/java.security.AccessController.doPrivileged(Native Method)
	at org.apache.derby.impl.jdbc.EmbedConnection.createPersistentService(Unknown Source)
	... 16 more
============= begin nested exception, level (1) ===========
java.sql.SQLException: The database directory 'C:\Users\User\OneDrive\Documents\NetBeansProjects\stockManagement\src\db\triceStockDB' exists. However, it does not contain the expected 'service.properties' file. Perhaps Derby was brought down in the middle of creating this database. You may want to delete this directory and try creating the database again.
	at org.apache.derby.impl.jdbc.SQLExceptionFactory.getSQLException(Unknown Source)
	at org.apache.derby.impl.jdbc.Util.generateCsSQLException(Unknown Source)
	at org.apache.derby.impl.jdbc.TransactionResourceImpl.wrapInSQLException(Unknown Source)
	at org.apache.derby.impl.jdbc.TransactionResourceImpl.handleException(Unknown Source)
	at org.apache.derby.impl.jdbc.EmbedConnection.handleException(Unknown Source)
	at org.apache.derby.impl.jdbc.EmbedConnection.createDatabase(Unknown Source)
	at org.apache.derby.impl.jdbc.EmbedConnection.<init>(Unknown Source)
	at org.apache.derby.jdbc.InternalDriver$1.run(Unknown Source)
	at org.apache.derby.jdbc.InternalDriver$1.run(Unknown Source)
	at java.base/java.security.AccessController.doPrivileged(Native Method)
	at org.apache.derby.jdbc.InternalDriver.getNewEmbedConnection(Unknown Source)
	at org.apache.derby.jdbc.InternalDriver.connect(Unknown Source)
	at org.apache.derby.jdbc.InternalDriver.connect(Unknown Source)
	at org.apache.derby.jdbc.EmbeddedDriver.connect(Unknown Source)
	at org.apache.derby.impl.drda.Database.makeConnection(Unknown Source)
	at org.apache.derby.impl.drda.DRDAConnThread.getConnFromDatabaseName(Unknown Source)
	at org.apache.derby.impl.drda.DRDAConnThread.verifyUserIdPassword(Unknown Source)
	at org.apache.derby.impl.drda.DRDAConnThread.parseSECCHK(Unknown Source)
	at org.apache.derby.impl.drda.DRDAConnThread.parseDRDAConnection(Unknown Source)
	at org.apache.derby.impl.drda.DRDAConnThread.processCommands(Unknown Source)
	at org.apache.derby.impl.drda.DRDAConnThread.run(Unknown Source)
Caused by: ERROR XBM0A: The database directory 'C:\Users\User\OneDrive\Documents\NetBeansProjects\stockManagement\src\db\triceStockDB' exists. However, it does not contain the expected 'service.properties' file. Perhaps Derby was brought down in the middle of creating this database. You may want to delete this directory and try creating the database again.
	at org.apache.derby.iapi.error.StandardException.newException(Unknown Source)
	at org.apache.derby.iapi.error.StandardException.newException(Unknown Source)
	at org.apache.derby.impl.services.monitor.StorageFactoryService.vetService(Unknown Source)
	at org.apache.derby.impl.services.monitor.StorageFactoryService.access$900(Unknown Source)
	at org.apache.derby.impl.services.monitor.StorageFactoryService$10.run(Unknown Source)
	at java.base/java.security.AccessController.doPrivileged(Native Method)
	at org.apache.derby.impl.services.monitor.StorageFactoryService.createServiceRoot(Unknown Source)
	at org.apache.derby.impl.services.monitor.BaseMonitor.bootService(Unknown Source)
	at org.apache.derby.impl.services.monitor.BaseMonitor.createPersistentService(Unknown Source)
	at org.apache.derby.impl.services.monitor.FileMonitor.createPersistentService(Unknown Source)
	at org.apache.derby.iapi.services.monitor.Monitor.createPersistentService(Unknown Source)
	at org.apache.derby.impl.jdbc.EmbedConnection$5.run(Unknown Source)
	at java.base/java.security.AccessController.doPrivileged(Native Method)
	at org.apache.derby.impl.jdbc.EmbedConnection.createPersistentService(Unknown Source)
	... 16 more
============= end nested exception, level (1) ===========
============= begin nested exception, level (2) ===========
ERROR XBM0A: The database directory 'C:\Users\User\OneDrive\Documents\NetBeansProjects\stockManagement\src\db\triceStockDB' exists. However, it does not contain the expected 'service.properties' file. Perhaps Derby was brought down in the middle of creating this database. You may want to delete this directory and try creating the database again.
	at org.apache.derby.iapi.error.StandardException.newException(Unknown Source)
	at org.apache.derby.iapi.error.StandardException.newException(Unknown Source)
	at org.apache.derby.impl.services.monitor.StorageFactoryService.vetService(Unknown Source)
	at org.apache.derby.impl.services.monitor.StorageFactoryService.access$900(Unknown Source)
	at org.apache.derby.impl.services.monitor.StorageFactoryService$10.run(Unknown Source)
	at java.base/java.security.AccessController.doPrivileged(Native Method)
	at org.apache.derby.impl.services.monitor.StorageFactoryService.createServiceRoot(Unknown Source)
	at org.apache.derby.impl.services.monitor.BaseMonitor.bootService(Unknown Source)
	at org.apache.derby.impl.services.monitor.BaseMonitor.createPersistentService(Unknown Source)
	at org.apache.derby.impl.services.monitor.FileMonitor.createPersistentService(Unknown Source)
	at org.apache.derby.iapi.services.monitor.Monitor.createPersistentService(Unknown Source)
	at org.apache.derby.impl.jdbc.EmbedConnection$5.run(Unknown Source)
	at java.base/java.security.AccessController.doPrivileged(Native Method)
	at org.apache.derby.impl.jdbc.EmbedConnection.createPersistentService(Unknown Source)
	at org.apache.derby.impl.jdbc.EmbedConnection.createDatabase(Unknown Source)
	at org.apache.derby.impl.jdbc.EmbedConnection.<init>(Unknown Source)
	at org.apache.derby.jdbc.InternalDriver$1.run(Unknown Source)
	at org.apache.derby.jdbc.InternalDriver$1.run(Unknown Source)
	at java.base/java.security.AccessController.doPrivileged(Native Method)
	at org.apache.derby.jdbc.InternalDriver.getNewEmbedConnection(Unknown Source)
	at org.apache.derby.jdbc.InternalDriver.connect(Unknown Source)
	at org.apache.derby.jdbc.InternalDriver.connect(Unknown Source)
	at org.apache.derby.jdbc.EmbeddedDriver.connect(Unknown Source)
	at org.apache.derby.impl.drda.Database.makeConnection(Unknown Source)
	at org.apache.derby.impl.drda.DRDAConnThread.getConnFromDatabaseName(Unknown Source)
	at org.apache.derby.impl.drda.DRDAConnThread.verifyUserIdPassword(Unknown Source)
	at org.apache.derby.impl.drda.DRDAConnThread.parseSECCHK(Unknown Source)
	at org.apache.derby.impl.drda.DRDAConnThread.parseDRDAConnection(Unknown Source)
	at org.apache.derby.impl.drda.DRDAConnThread.processCommands(Unknown Source)
	at org.apache.derby.impl.drda.DRDAConnThread.run(Unknown Source)
============= end nested exception, level (2) ===========
Cleanup action completed
Mon May 23 14:41:55 UTC 2022 Thread[DRDAConnThread_2,5,main] (DATABASE = triceStockDB), (DRDAID = {3}), Failed to create database 'triceStockDB', see the next exception for details.
Mon May 23 14:41:55 UTC 2022 Thread[DRDAConnThread_2,5,main] (DATABASE = triceStockDB), (DRDAID = {3}), The database directory 'C:\Users\User\OneDrive\Documents\NetBeansProjects\stockManagement\src\db\triceStockDB' exists. However, it does not contain the expected 'service.properties' file. Perhaps Derby was brought down in the middle of creating this database. You may want to delete this directory and try creating the database again.
Mon May 23 14:42:12 UTC 2022 Thread[DRDAConnThread_2,5,main] Cleanup action starting
java.sql.SQLException: Database 'triceStockDB' not found.
	at org.apache.derby.impl.jdbc.SQLExceptionFactory.getSQLException(Unknown Source)
	at org.apache.derby.impl.jdbc.SQLExceptionFactory.getSQLException(Unknown Source)
	at org.apache.derby.impl.jdbc.Util.generateCsSQLException(Unknown Source)
	at org.apache.derby.impl.jdbc.Util.generateCsSQLException(Unknown Source)
	at org.apache.derby.impl.jdbc.EmbedConnection.newSQLException(Unknown Source)
	at org.apache.derby.impl.jdbc.EmbedConnection.handleDBNotFound(Unknown Source)
	at org.apache.derby.impl.jdbc.EmbedConnection.<init>(Unknown Source)
	at org.apache.derby.jdbc.InternalDriver$1.run(Unknown Source)
	at org.apache.derby.jdbc.InternalDriver$1.run(Unknown Source)
	at java.base/java.security.AccessController.doPrivileged(Native Method)
	at org.apache.derby.jdbc.InternalDriver.getNewEmbedConnection(Unknown Source)
	at org.apache.derby.jdbc.InternalDriver.connect(Unknown Source)
	at org.apache.derby.jdbc.InternalDriver.connect(Unknown Source)
	at org.apache.derby.jdbc.EmbeddedDriver.connect(Unknown Source)
	at org.apache.derby.impl.drda.Database.makeConnection(Unknown Source)
	at org.apache.derby.impl.drda.DRDAConnThread.getConnFromDatabaseName(Unknown Source)
	at org.apache.derby.impl.drda.DRDAConnThread.verifyUserIdPassword(Unknown Source)
	at org.apache.derby.impl.drda.DRDAConnThread.parseSECCHK(Unknown Source)
	at org.apache.derby.impl.drda.DRDAConnThread.parseDRDAConnection(Unknown Source)
	at org.apache.derby.impl.drda.DRDAConnThread.processCommands(Unknown Source)
	at org.apache.derby.impl.drda.DRDAConnThread.run(Unknown Source)
Caused by: ERROR XJ004: Database 'triceStockDB' not found.
	at org.apache.derby.iapi.error.StandardException.newException(Unknown Source)
	at org.apache.derby.impl.jdbc.SQLExceptionFactory.wrapArgsForTransportAcrossDRDA(Unknown Source)
	... 21 more
============= begin nested exception, level (1) ===========
ERROR XJ004: Database 'triceStockDB' not found.
	at org.apache.derby.iapi.error.StandardException.newException(Unknown Source)
	at org.apache.derby.impl.jdbc.SQLExceptionFactory.wrapArgsForTransportAcrossDRDA(Unknown Source)
	at org.apache.derby.impl.jdbc.SQLExceptionFactory.getSQLException(Unknown Source)
	at org.apache.derby.impl.jdbc.SQLExceptionFactory.getSQLException(Unknown Source)
	at org.apache.derby.impl.jdbc.Util.generateCsSQLException(Unknown Source)
	at org.apache.derby.impl.jdbc.Util.generateCsSQLException(Unknown Source)
	at org.apache.derby.impl.jdbc.EmbedConnection.newSQLException(Unknown Source)
	at org.apache.derby.impl.jdbc.EmbedConnection.handleDBNotFound(Unknown Source)
	at org.apache.derby.impl.jdbc.EmbedConnection.<init>(Unknown Source)
	at org.apache.derby.jdbc.InternalDriver$1.run(Unknown Source)
	at org.apache.derby.jdbc.InternalDriver$1.run(Unknown Source)
	at java.base/java.security.AccessController.doPrivileged(Native Method)
	at org.apache.derby.jdbc.InternalDriver.getNewEmbedConnection(Unknown Source)
	at org.apache.derby.jdbc.InternalDriver.connect(Unknown Source)
	at org.apache.derby.jdbc.InternalDriver.connect(Unknown Source)
	at org.apache.derby.jdbc.EmbeddedDriver.connect(Unknown Source)
	at org.apache.derby.impl.drda.Database.makeConnection(Unknown Source)
	at org.apache.derby.impl.drda.DRDAConnThread.getConnFromDatabaseName(Unknown Source)
	at org.apache.derby.impl.drda.DRDAConnThread.verifyUserIdPassword(Unknown Source)
	at org.apache.derby.impl.drda.DRDAConnThread.parseSECCHK(Unknown Source)
	at org.apache.derby.impl.drda.DRDAConnThread.parseDRDAConnection(Unknown Source)
	at org.apache.derby.impl.drda.DRDAConnThread.processCommands(Unknown Source)
	at org.apache.derby.impl.drda.DRDAConnThread.run(Unknown Source)
============= end nested exception, level (1) ===========
Cleanup action completed
Mon May 23 14:42:12 UTC 2022 Thread[DRDAConnThread_2,5,main] (DATABASE = triceStockDB), (DRDAID = {4}), Database 'triceStockDB' not found.
----------------------------------------------------------------
Mon May 23 14:42:59 UTC 2022:
Booting Derby version The Apache Software Foundation - Apache Derby - 10.14.2.0 - (1828579): instance a816c00e-0180-f14b-c108-ffff88f1f0d1 
on database directory C:\Users\User\OneDrive\Documents\NetBeansProjects\stockManagement\src\db\triceStockDB with class loader jdk.internal.loader.ClassLoaders$AppClassLoader@2cdf8d8a 
Loaded from file:/C:/Program%20Files/Java/jdk-11.0.15.1/db-derby-10.14.2.0-bin/lib/derby.jar
java.vendor=Oracle Corporation
java.runtime.version=11.0.15.1+2-LTS-10
user.dir=C:\Program Files\Java\jdk-11.0.15.1\db-derby-10.14.2.0-bin
os.name=Windows 11
os.arch=amd64
os.version=10.0
derby.system.home=C:\Users\User\OneDrive\Documents\NetBeansProjects\stockManagement\src\db
Database Class Loader started - derby.database.classpath=''
----------------------------------------------------------------
Mon May 23 14:43:00 UTC 2022:
Shutting down instance a816c00e-0180-f14b-c108-ffff88f1f0d1 on database directory C:\Users\User\OneDrive\Documents\NetBeansProjects\stockManagement\src\db\triceStockDB with class loader jdk.internal.loader.ClassLoaders$AppClassLoader@2cdf8d8a 
Mon May 23 14:43:00 UTC 2022 Thread[DRDAConnThread_2,5,main] (DATABASE = triceStockDB), (DRDAID = {6}), Database 'triceStockDB' shutdown.
----------------------------------------------------------------
Mon May 23 14:43:06 UTC 2022:
Booting Derby version The Apache Software Foundation - Apache Derby - 10.14.2.0 - (1828579): instance 6ede40af-0180-f14b-c108-ffff88f1f0d1 
on database directory C:\Users\User\OneDrive\Documents\NetBeansProjects\stockManagement\src\db\triceStockDB with class loader jdk.internal.loader.ClassLoaders$AppClassLoader@2cdf8d8a 
Loaded from file:/C:/Program%20Files/Java/jdk-11.0.15.1/db-derby-10.14.2.0-bin/lib/derby.jar
java.vendor=Oracle Corporation
java.runtime.version=11.0.15.1+2-LTS-10
user.dir=C:\Program Files\Java\jdk-11.0.15.1\db-derby-10.14.2.0-bin
os.name=Windows 11
os.arch=amd64
os.version=10.0
derby.system.home=C:\Users\User\OneDrive\Documents\NetBeansProjects\stockManagement\src\db
Database Class Loader started - derby.database.classpath=''
----------------------------------------------------------------
Mon May 23 15:48:07 UTC 2022:
Shutting down instance 6ede40af-0180-f14b-c108-ffff88f1f0d1 on database directory C:\Users\User\OneDrive\Documents\NetBeansProjects\stockManagement\src\db\triceStockDB with class loader jdk.internal.loader.ClassLoaders$AppClassLoader@2cdf8d8a 
Mon May 23 15:48:07 UTC 2022 Thread[DRDAConnThread_3,5,main] (DATABASE = triceStockDB), (DRDAID = {9}), Database 'triceStockDB' shutdown.
----------------------------------------------------------------
Mon May 23 17:45:48 UTC 2022:
Booting Derby version The Apache Software Foundation - Apache Derby - 10.14.2.0 - (1828579): instance 597e80e5-0180-f14b-c108-ffff88f1f0d1 
on database directory C:\Users\User\OneDrive\Documents\NetBeansProjects\stockManagement\src\db\triceStockDB with class loader jdk.internal.loader.ClassLoaders$AppClassLoader@2cdf8d8a 
Loaded from file:/C:/Program%20Files/Java/jdk-11.0.15.1/db-derby-10.14.2.0-bin/lib/derby.jar
java.vendor=Oracle Corporation
java.runtime.version=11.0.15.1+2-LTS-10
user.dir=C:\Program Files\Java\jdk-11.0.15.1\db-derby-10.14.2.0-bin
os.name=Windows 11
os.arch=amd64
os.version=10.0
derby.system.home=C:\Users\User\OneDrive\Documents\NetBeansProjects\stockManagement\src\db
Database Class Loader started - derby.database.classpath=''
----------------------------------------------------------------
Mon May 23 19:28:20 UTC 2022: Shutting down Derby engine
----------------------------------------------------------------
Mon May 23 19:28:20 UTC 2022:
Shutting down instance 597e80e5-0180-f14b-c108-ffff88f1f0d1 on database directory C:\Users\User\OneDrive\Documents\NetBeansProjects\stockManagement\src\db\triceStockDB with class loader jdk.internal.loader.ClassLoaders$AppClassLoader@2cdf8d8a 
----------------------------------------------------------------
